<?xml version="1.0" encoding="UTF-8"?>
<testsuites name="jest tests" tests="2" failures="0" errors="0" time="1.147">
  <testsuite name="API Tests" errors="0" failures="0" skipped="0" timestamp="2024-04-22T09:54:49" time="1.021" tests="2">
    <testcase classname="API Tests GET /contacts - should return all contacts" name="API Tests GET /contacts - should return all contacts" time="0.1">
    </testcase>
    <testcase classname="API Tests POST /contacts - should create a new contact" name="API Tests POST /contacts - should create a new contact" time="0.037">
    </testcase>
  </testsuite>
</testsuites>